2022-11-02 11:05:12.238 INFO  47869 --- [background-preinit] org.hibernate.validator.internal.util.Version.<clinit>(Version.java:21) ::: HV000001: Hibernate Validator 6.2.3.Final
2022-11-02 11:05:12.253 INFO  47869 --- [main] org.springframework.boot.StartupInfoLogger.logStarting(StartupInfoLogger.java:55) ::: Starting LianChuangjieApplication using Java 19.0.1 on ITX with PID 47869 (/home/wang/Project/LianChuangJie/springboot/target/classes started by wang in /home/wang/Project/LianChuangJie/springboot)
2022-11-02 11:05:12.254 INFO  47869 --- [main] org.springframework.boot.SpringApplication.logStartupProfileInfo(SpringApplication.java:640) ::: The following 1 profile is active: "dev"
2022-11-02 11:05:12.586 INFO  47869 --- [main] org.springframework.data.repository.config.RepositoryConfigurationDelegate.multipleStoresDetected(RepositoryConfigurationDelegate.java:262) ::: Multiple Spring Data modules found, entering strict repository configuration mode
2022-11-02 11:05:12.587 INFO  47869 --- [main] org.springframework.data.repository.config.RepositoryConfigurationDelegate.registerRepositoriesIn(RepositoryConfigurationDelegate.java:132) ::: Bootstrapping Spring Data Redis repositories in DEFAULT mode.
2022-11-02 11:05:12.603 INFO  47869 --- [main] org.springframework.data.repository.config.RepositoryConfigurationDelegate.registerRepositoriesIn(RepositoryConfigurationDelegate.java:201) ::: Finished Spring Data repository scanning in 9 ms. Found 0 Redis repository interfaces.
2022-11-02 11:05:12.912 INFO  47869 --- [main] org.springframework.boot.web.embedded.tomcat.TomcatWebServer.initialize(TomcatWebServer.java:108) ::: Tomcat initialized with port(s): 8080 (http)
2022-11-02 11:05:12.917 INFO  47869 --- [main] org.apache.juli.logging.DirectJDKLog.log(DirectJDKLog.java:173) ::: Initializing ProtocolHandler ["http-nio-8080"]
2022-11-02 11:05:12.917 INFO  47869 --- [main] org.apache.juli.logging.DirectJDKLog.log(DirectJDKLog.java:173) ::: Starting service [Tomcat]
2022-11-02 11:05:12.917 INFO  47869 --- [main] org.apache.juli.logging.DirectJDKLog.log(DirectJDKLog.java:173) ::: Starting Servlet engine: [Apache Tomcat/9.0.65]
2022-11-02 11:05:12.955 INFO  47869 --- [main] org.apache.juli.logging.DirectJDKLog.log(DirectJDKLog.java:173) ::: Initializing Spring embedded WebApplicationContext
2022-11-02 11:05:12.955 INFO  47869 --- [main] org.springframework.boot.web.servlet.context.ServletWebServerApplicationContext.prepareWebApplicationContext(ServletWebServerApplicationContext.java:292) ::: Root WebApplicationContext: initialization completed in 681 ms
2022-11-02 11:05:13.107 WARN  47869 --- [main] com.baomidou.mybatisplus.core.injector.DefaultSqlInjector.getMethodList(DefaultSqlInjector.java:56) ::: class com.lianchuangjie.lianchuangjie.entity.BomSubEntity ,Not found @TableId annotation, Cannot use Mybatis-Plus 'xxById' Method.
2022-11-02 11:05:13.118 WARN  47869 --- [main] com.baomidou.mybatisplus.core.injector.DefaultSqlInjector.getMethodList(DefaultSqlInjector.java:56) ::: class com.lianchuangjie.lianchuangjie.entity.BrandEntity ,Not found @TableId annotation, Cannot use Mybatis-Plus 'xxById' Method.
2022-11-02 11:05:13.130 WARN  47869 --- [main] com.baomidou.mybatisplus.core.injector.DefaultSqlInjector.getMethodList(DefaultSqlInjector.java:56) ::: class com.lianchuangjie.lianchuangjie.entity.Clientele.ClienteleClientLevelEntity ,Not found @TableId annotation, Cannot use Mybatis-Plus 'xxById' Method.
2022-11-02 11:05:13.139 WARN  47869 --- [main] com.baomidou.mybatisplus.core.injector.DefaultSqlInjector.getMethodList(DefaultSqlInjector.java:56) ::: class com.lianchuangjie.lianchuangjie.entity.Clientele.ClienteleEntity ,Not found @TableId annotation, Cannot use Mybatis-Plus 'xxById' Method.
2022-11-02 11:05:13.147 WARN  47869 --- [main] com.baomidou.mybatisplus.core.injector.DefaultSqlInjector.getMethodList(DefaultSqlInjector.java:56) ::: class com.lianchuangjie.lianchuangjie.entity.Clientele.ClienteleGroupEntity ,Not found @TableId annotation, Cannot use Mybatis-Plus 'xxById' Method.
2022-11-02 11:05:13.175 WARN  47869 --- [main] com.baomidou.mybatisplus.core.injector.DefaultSqlInjector.getMethodList(DefaultSqlInjector.java:56) ::: class com.lianchuangjie.lianchuangjie.entity.Clientele.ClienteleSupplierLevelEntity ,Not found @TableId annotation, Cannot use Mybatis-Plus 'xxById' Method.
2022-11-02 11:05:13.182 WARN  47869 --- [main] com.baomidou.mybatisplus.core.injector.DefaultSqlInjector.getMethodList(DefaultSqlInjector.java:56) ::: class com.lianchuangjie.lianchuangjie.entity.Clientele.ClienteleEntity ,Not found @TableId annotation, Cannot use Mybatis-Plus 'xxById' Method.
2022-11-02 11:05:13.190 WARN  47869 --- [main] com.baomidou.mybatisplus.core.injector.DefaultSqlInjector.getMethodList(DefaultSqlInjector.java:56) ::: class com.lianchuangjie.lianchuangjie.entity.CompanyDepartmentEntity ,Not found @TableId annotation, Cannot use Mybatis-Plus 'xxById' Method.
2022-11-02 11:05:13.196 WARN  47869 --- [main] com.baomidou.mybatisplus.core.injector.DefaultSqlInjector.getMethodList(DefaultSqlInjector.java:56) ::: class com.lianchuangjie.lianchuangjie.entity.CompanyLetterheadEntity ,Not found @TableId annotation, Cannot use Mybatis-Plus 'xxById' Method.
2022-11-02 11:05:13.211 WARN  47869 --- [main] com.baomidou.mybatisplus.core.injector.DefaultSqlInjector.getMethodList(DefaultSqlInjector.java:56) ::: class com.lianchuangjie.lianchuangjie.entity.CurVat.CurrencyEntity ,Not found @TableId annotation, Cannot use Mybatis-Plus 'xxById' Method.
2022-11-02 11:05:13.230 WARN  47869 --- [main] com.baomidou.mybatisplus.core.injector.DefaultSqlInjector.getMethodList(DefaultSqlInjector.java:56) ::: class com.lianchuangjie.lianchuangjie.entity.Enquiry.EnquiryBuyerEntity ,Not found @TableId annotation, Cannot use Mybatis-Plus 'xxById' Method.
2022-11-02 11:05:13.261 WARN  47869 --- [main] com.baomidou.mybatisplus.core.injector.DefaultSqlInjector.getMethodList(DefaultSqlInjector.java:56) ::: class com.lianchuangjie.lianchuangjie.entity.Enquiry.EnquirySubEntity ,Not found @TableId annotation, Cannot use Mybatis-Plus 'xxById' Method.
2022-11-02 11:05:13.271 WARN  47869 --- [main] com.baomidou.mybatisplus.core.injector.DefaultSqlInjector.getMethodList(DefaultSqlInjector.java:56) ::: class com.lianchuangjie.lianchuangjie.entity.ExchangeRateEntity ,Not found @TableId annotation, Cannot use Mybatis-Plus 'xxById' Method.
2022-11-02 11:05:13.281 WARN  47869 --- [main] com.baomidou.mybatisplus.core.injector.DefaultSqlInjector.getMethodList(DefaultSqlInjector.java:56) ::: class com.lianchuangjie.lianchuangjie.entity.PurchaseOrderMainEntity ,Not found @TableId annotation, Cannot use Mybatis-Plus 'xxById' Method.
2022-11-02 11:05:13.289 WARN  47869 --- [main] com.baomidou.mybatisplus.core.injector.DefaultSqlInjector.getMethodList(DefaultSqlInjector.java:56) ::: class com.lianchuangjie.lianchuangjie.entity.PurchaseOrderSubEntity ,Not found @TableId annotation, Cannot use Mybatis-Plus 'xxById' Method.
2022-11-02 11:05:13.302 WARN  47869 --- [main] com.baomidou.mybatisplus.core.injector.DefaultSqlInjector.getMethodList(DefaultSqlInjector.java:56) ::: class com.lianchuangjie.lianchuangjie.entity.QuotationEntity ,Not found @TableId annotation, Cannot use Mybatis-Plus 'xxById' Method.
2022-11-02 11:05:13.310 WARN  47869 --- [main] com.baomidou.mybatisplus.core.injector.DefaultSqlInjector.getMethodList(DefaultSqlInjector.java:56) ::: class com.lianchuangjie.lianchuangjie.entity.SalesOrderMainEntity ,Not found @TableId annotation, Cannot use Mybatis-Plus 'xxById' Method.
2022-11-02 11:05:13.317 WARN  47869 --- [main] com.baomidou.mybatisplus.core.injector.DefaultSqlInjector.getMethodList(DefaultSqlInjector.java:56) ::: class com.lianchuangjie.lianchuangjie.entity.SalesOrderSubEntity ,Not found @TableId annotation, Cannot use Mybatis-Plus 'xxById' Method.
2022-11-02 11:05:13.335 WARN  47869 --- [main] com.baomidou.mybatisplus.core.injector.DefaultSqlInjector.getMethodList(DefaultSqlInjector.java:56) ::: class com.lianchuangjie.lianchuangjie.entity.StockBatchEntity ,Not found @TableId annotation, Cannot use Mybatis-Plus 'xxById' Method.
2022-11-02 11:05:13.341 WARN  47869 --- [main] com.baomidou.mybatisplus.core.injector.DefaultSqlInjector.getMethodList(DefaultSqlInjector.java:56) ::: class com.lianchuangjie.lianchuangjie.entity.StockListMainEntity ,Not found @TableId annotation, Cannot use Mybatis-Plus 'xxById' Method.
2022-11-02 11:05:13.347 WARN  47869 --- [main] com.baomidou.mybatisplus.core.injector.DefaultSqlInjector.getMethodList(DefaultSqlInjector.java:56) ::: class com.lianchuangjie.lianchuangjie.entity.StockListSubEntity ,Not found @TableId annotation, Cannot use Mybatis-Plus 'xxById' Method.
2022-11-02 11:05:13.363 WARN  47869 --- [main] com.baomidou.mybatisplus.core.injector.DefaultSqlInjector.getMethodList(DefaultSqlInjector.java:56) ::: class com.lianchuangjie.lianchuangjie.entity.StockPrice.StockPriceEntity ,Not found @TableId annotation, Cannot use Mybatis-Plus 'xxById' Method.
2022-11-02 11:05:13.370 WARN  47869 --- [main] com.baomidou.mybatisplus.core.injector.DefaultSqlInjector.getMethodList(DefaultSqlInjector.java:56) ::: class com.lianchuangjie.lianchuangjie.entity.StockQuantityEntity ,Not found @TableId annotation, Cannot use Mybatis-Plus 'xxById' Method.
2022-11-02 11:05:13.388 WARN  47869 --- [main] com.baomidou.mybatisplus.core.injector.DefaultSqlInjector.getMethodList(DefaultSqlInjector.java:56) ::: class com.lianchuangjie.lianchuangjie.entity.Enquiry.EnquirySubEntity ,Not found @TableId annotation, Cannot use Mybatis-Plus 'xxById' Method.
2022-11-02 11:05:13.394 WARN  47869 --- [main] com.baomidou.mybatisplus.core.injector.DefaultSqlInjector.getMethodList(DefaultSqlInjector.java:56) ::: class com.lianchuangjie.lianchuangjie.entity.Enquiry.EnquirySubEntity ,Not found @TableId annotation, Cannot use Mybatis-Plus 'xxById' Method.
2022-11-02 11:05:13.400 WARN  47869 --- [main] com.baomidou.mybatisplus.core.injector.DefaultSqlInjector.getMethodList(DefaultSqlInjector.java:56) ::: class com.lianchuangjie.lianchuangjie.entity.PurchaseOrderSubEntity ,Not found @TableId annotation, Cannot use Mybatis-Plus 'xxById' Method.
2022-11-02 11:05:13.406 WARN  47869 --- [main] com.baomidou.mybatisplus.core.injector.DefaultSqlInjector.getMethodList(DefaultSqlInjector.java:56) ::: class com.lianchuangjie.lianchuangjie.entity.QuotationEntity ,Not found @TableId annotation, Cannot use Mybatis-Plus 'xxById' Method.
2022-11-02 11:05:13.413 WARN  47869 --- [main] com.baomidou.mybatisplus.core.injector.DefaultSqlInjector.getMethodList(DefaultSqlInjector.java:56) ::: class com.lianchuangjie.lianchuangjie.entity.SalesOrderSubEntity ,Not found @TableId annotation, Cannot use Mybatis-Plus 'xxById' Method.
2022-11-02 11:05:13.425 WARN  47869 --- [main] com.baomidou.mybatisplus.core.injector.DefaultSqlInjector.getMethodList(DefaultSqlInjector.java:56) ::: class com.lianchuangjie.lianchuangjie.entity.StockQuantityEntity ,Not found @TableId annotation, Cannot use Mybatis-Plus 'xxById' Method.
2022-11-02 11:05:13.968 WARN  47869 --- [main] org.springframework.boot.autoconfigure.security.servlet.UserDetailsServiceAutoConfiguration.getOrDeducePassword(UserDetailsServiceAutoConfiguration.java:88) ::: 

Using generated security password: 503ce1a8-7845-49b6-a3db-23939a804f4b

This generated password is for development use only. Your security configuration must be updated before running your application in production.

2022-11-02 11:05:14.014 INFO  47869 --- [main] org.springframework.security.web.DefaultSecurityFilterChain.<init>(DefaultSecurityFilterChain.java:55) ::: Will secure any request with [org.springframework.security.web.session.DisableEncodeUrlFilter@7e691624, org.springframework.security.web.context.request.async.WebAsyncManagerIntegrationFilter@7ef60c02, org.springframework.security.web.context.SecurityContextPersistenceFilter@2cff5aa3, org.springframework.security.web.header.HeaderWriterFilter@2bd4780c, org.springframework.security.web.authentication.logout.LogoutFilter@6143b2b1, org.springframework.security.web.savedrequest.RequestCacheAwareFilter@2cce10bc, org.springframework.security.web.servletapi.SecurityContextHolderAwareRequestFilter@73234691, org.springframework.security.web.authentication.AnonymousAuthenticationFilter@5d9d8e46, org.springframework.security.web.session.SessionManagementFilter@68f9e807, org.springframework.security.web.access.ExceptionTranslationFilter@11309dd4, org.springframework.security.web.access.intercept.FilterSecurityInterceptor@1dd443c1]
2022-11-02 11:05:14.249 INFO  47869 --- [main] org.apache.juli.logging.DirectJDKLog.log(DirectJDKLog.java:173) ::: Starting ProtocolHandler ["http-nio-8080"]
2022-11-02 11:05:14.256 INFO  47869 --- [main] org.springframework.boot.web.embedded.tomcat.TomcatWebServer.start(TomcatWebServer.java:220) ::: Tomcat started on port(s): 8080 (http) with context path ''
2022-11-02 11:05:14.263 INFO  47869 --- [main] org.springframework.boot.StartupInfoLogger.logStarted(StartupInfoLogger.java:61) ::: Started LianChuangjieApplication in 2.202 seconds (JVM running for 2.616)
2022-11-02 11:05:17.817 INFO  47869 --- [http-nio-8080-exec-1] org.apache.juli.logging.DirectJDKLog.log(DirectJDKLog.java:173) ::: Initializing Spring DispatcherServlet 'dispatcherServlet'
2022-11-02 11:05:17.818 INFO  47869 --- [http-nio-8080-exec-1] org.springframework.web.servlet.FrameworkServlet.initServletBean(FrameworkServlet.java:525) ::: Initializing Servlet 'dispatcherServlet'
2022-11-02 11:05:17.819 INFO  47869 --- [http-nio-8080-exec-1] org.springframework.web.servlet.FrameworkServlet.initServletBean(FrameworkServlet.java:547) ::: Completed initialization in 1 ms
2022-11-02 11:05:17.834 ERROR 47869 --- [http-nio-8080-exec-1] com.lianchuangjie.lianchuangjie.exception.GlobalExceptionHandler.exception(GlobalExceptionHandler.java:65) ::: request error!! method:GET uri:/stock/price
2022-11-02 11:05:30.753 INFO  47869 --- [http-nio-8080-exec-2] com.zaxxer.hikari.HikariDataSource.getConnection(HikariDataSource.java:110) ::: HikariPool-1 - Starting...
2022-11-02 11:05:30.910 INFO  47869 --- [http-nio-8080-exec-2] com.zaxxer.hikari.pool.PoolBase.getAndSetNetworkTimeout(PoolBase.java:541) ::: HikariPool-1 - Driver does not support get/set network timeout for connections. (null)
2022-11-02 11:05:30.965 INFO  47869 --- [http-nio-8080-exec-2] com.zaxxer.hikari.HikariDataSource.getConnection(HikariDataSource.java:123) ::: HikariPool-1 - Start completed.
2022-11-02 11:05:35.792 ERROR 47869 --- [http-nio-8080-exec-5] com.lianchuangjie.lianchuangjie.exception.GlobalExceptionHandler.handleException(GlobalExceptionHandler.java:160) ::: request error!! method:GET uri:/tab/stockprice/origin
