2022-11-02 10:53:45.158 INFO  46378 --- [main] org.springframework.data.repository.config.RepositoryConfigurationDelegate.multipleStoresDetected(RepositoryConfigurationDelegate.java:262) ::: Multiple Spring Data modules found, entering strict repository configuration mode
2022-11-02 10:53:45.160 INFO  46378 --- [main] org.springframework.data.repository.config.RepositoryConfigurationDelegate.registerRepositoriesIn(RepositoryConfigurationDelegate.java:132) ::: Bootstrapping Spring Data Redis repositories in DEFAULT mode.
2022-11-02 10:53:45.175 INFO  46378 --- [main] org.springframework.data.repository.config.RepositoryConfigurationDelegate.registerRepositoriesIn(RepositoryConfigurationDelegate.java:201) ::: Finished Spring Data repository scanning in 9 ms. Found 0 Redis repository interfaces.
2022-11-02 10:53:45.478 INFO  46378 --- [main] org.springframework.boot.web.embedded.tomcat.TomcatWebServer.initialize(TomcatWebServer.java:108) ::: Tomcat initialized with port(s): 8080 (http)
2022-11-02 10:53:45.483 INFO  46378 --- [main] org.apache.juli.logging.DirectJDKLog.log(DirectJDKLog.java:173) ::: Initializing ProtocolHandler ["http-nio-8080"]
2022-11-02 10:53:45.483 INFO  46378 --- [main] org.apache.juli.logging.DirectJDKLog.log(DirectJDKLog.java:173) ::: Starting service [Tomcat]
2022-11-02 10:53:45.483 INFO  46378 --- [main] org.apache.juli.logging.DirectJDKLog.log(DirectJDKLog.java:173) ::: Starting Servlet engine: [Apache Tomcat/9.0.65]
2022-11-02 10:53:45.521 INFO  46378 --- [main] org.apache.juli.logging.DirectJDKLog.log(DirectJDKLog.java:173) ::: Initializing Spring embedded WebApplicationContext
2022-11-02 10:53:45.521 INFO  46378 --- [main] org.springframework.boot.web.servlet.context.ServletWebServerApplicationContext.prepareWebApplicationContext(ServletWebServerApplicationContext.java:292) ::: Root WebApplicationContext: initialization completed in 670 ms
2022-11-02 10:53:45.673 WARN  46378 --- [main] com.baomidou.mybatisplus.core.injector.DefaultSqlInjector.getMethodList(DefaultSqlInjector.java:56) ::: class com.lianchuangjie.lianchuangjie.entity.BomSubEntity ,Not found @TableId annotation, Cannot use Mybatis-Plus 'xxById' Method.
2022-11-02 10:53:45.683 WARN  46378 --- [main] com.baomidou.mybatisplus.core.injector.DefaultSqlInjector.getMethodList(DefaultSqlInjector.java:56) ::: class com.lianchuangjie.lianchuangjie.entity.BrandEntity ,Not found @TableId annotation, Cannot use Mybatis-Plus 'xxById' Method.
2022-11-02 10:53:45.693 WARN  46378 --- [main] com.baomidou.mybatisplus.core.injector.DefaultSqlInjector.getMethodList(DefaultSqlInjector.java:56) ::: class com.lianchuangjie.lianchuangjie.entity.Clientele.ClienteleClientLevelEntity ,Not found @TableId annotation, Cannot use Mybatis-Plus 'xxById' Method.
2022-11-02 10:53:45.702 WARN  46378 --- [main] com.baomidou.mybatisplus.core.injector.DefaultSqlInjector.getMethodList(DefaultSqlInjector.java:56) ::: class com.lianchuangjie.lianchuangjie.entity.Clientele.ClienteleEntity ,Not found @TableId annotation, Cannot use Mybatis-Plus 'xxById' Method.
2022-11-02 10:53:45.710 WARN  46378 --- [main] com.baomidou.mybatisplus.core.injector.DefaultSqlInjector.getMethodList(DefaultSqlInjector.java:56) ::: class com.lianchuangjie.lianchuangjie.entity.Clientele.ClienteleGroupEntity ,Not found @TableId annotation, Cannot use Mybatis-Plus 'xxById' Method.
2022-11-02 10:53:45.739 WARN  46378 --- [main] com.baomidou.mybatisplus.core.injector.DefaultSqlInjector.getMethodList(DefaultSqlInjector.java:56) ::: class com.lianchuangjie.lianchuangjie.entity.Clientele.ClienteleSupplierLevelEntity ,Not found @TableId annotation, Cannot use Mybatis-Plus 'xxById' Method.
2022-11-02 10:53:45.747 WARN  46378 --- [main] com.baomidou.mybatisplus.core.injector.DefaultSqlInjector.getMethodList(DefaultSqlInjector.java:56) ::: class com.lianchuangjie.lianchuangjie.entity.Clientele.ClienteleEntity ,Not found @TableId annotation, Cannot use Mybatis-Plus 'xxById' Method.
2022-11-02 10:53:45.753 WARN  46378 --- [main] com.baomidou.mybatisplus.core.injector.DefaultSqlInjector.getMethodList(DefaultSqlInjector.java:56) ::: class com.lianchuangjie.lianchuangjie.entity.CompanyDepartmentEntity ,Not found @TableId annotation, Cannot use Mybatis-Plus 'xxById' Method.
2022-11-02 10:53:45.760 WARN  46378 --- [main] com.baomidou.mybatisplus.core.injector.DefaultSqlInjector.getMethodList(DefaultSqlInjector.java:56) ::: class com.lianchuangjie.lianchuangjie.entity.CompanyLetterheadEntity ,Not found @TableId annotation, Cannot use Mybatis-Plus 'xxById' Method.
2022-11-02 10:53:45.773 WARN  46378 --- [main] com.baomidou.mybatisplus.core.injector.DefaultSqlInjector.getMethodList(DefaultSqlInjector.java:56) ::: class com.lianchuangjie.lianchuangjie.entity.CurVat.CurrencyEntity ,Not found @TableId annotation, Cannot use Mybatis-Plus 'xxById' Method.
2022-11-02 10:53:45.790 WARN  46378 --- [main] com.baomidou.mybatisplus.core.injector.DefaultSqlInjector.getMethodList(DefaultSqlInjector.java:56) ::: class com.lianchuangjie.lianchuangjie.entity.Enquiry.EnquiryBuyerEntity ,Not found @TableId annotation, Cannot use Mybatis-Plus 'xxById' Method.
2022-11-02 10:53:45.814 WARN  46378 --- [main] com.baomidou.mybatisplus.core.injector.DefaultSqlInjector.getMethodList(DefaultSqlInjector.java:56) ::: class com.lianchuangjie.lianchuangjie.entity.Enquiry.EnquirySubEntity ,Not found @TableId annotation, Cannot use Mybatis-Plus 'xxById' Method.
2022-11-02 10:53:45.821 WARN  46378 --- [main] com.baomidou.mybatisplus.core.injector.DefaultSqlInjector.getMethodList(DefaultSqlInjector.java:56) ::: class com.lianchuangjie.lianchuangjie.entity.ExchangeRateEntity ,Not found @TableId annotation, Cannot use Mybatis-Plus 'xxById' Method.
2022-11-02 10:53:45.828 WARN  46378 --- [main] com.baomidou.mybatisplus.core.injector.DefaultSqlInjector.getMethodList(DefaultSqlInjector.java:56) ::: class com.lianchuangjie.lianchuangjie.entity.PurchaseOrderMainEntity ,Not found @TableId annotation, Cannot use Mybatis-Plus 'xxById' Method.
2022-11-02 10:53:45.834 WARN  46378 --- [main] com.baomidou.mybatisplus.core.injector.DefaultSqlInjector.getMethodList(DefaultSqlInjector.java:56) ::: class com.lianchuangjie.lianchuangjie.entity.PurchaseOrderSubEntity ,Not found @TableId annotation, Cannot use Mybatis-Plus 'xxById' Method.
2022-11-02 10:53:45.843 WARN  46378 --- [main] com.baomidou.mybatisplus.core.injector.DefaultSqlInjector.getMethodList(DefaultSqlInjector.java:56) ::: class com.lianchuangjie.lianchuangjie.entity.QuotationEntity ,Not found @TableId annotation, Cannot use Mybatis-Plus 'xxById' Method.
2022-11-02 10:53:45.850 WARN  46378 --- [main] com.baomidou.mybatisplus.core.injector.DefaultSqlInjector.getMethodList(DefaultSqlInjector.java:56) ::: class com.lianchuangjie.lianchuangjie.entity.SalesOrderMainEntity ,Not found @TableId annotation, Cannot use Mybatis-Plus 'xxById' Method.
2022-11-02 10:53:45.858 WARN  46378 --- [main] com.baomidou.mybatisplus.core.injector.DefaultSqlInjector.getMethodList(DefaultSqlInjector.java:56) ::: class com.lianchuangjie.lianchuangjie.entity.SalesOrderSubEntity ,Not found @TableId annotation, Cannot use Mybatis-Plus 'xxById' Method.
2022-11-02 10:53:45.875 WARN  46378 --- [main] com.baomidou.mybatisplus.core.injector.DefaultSqlInjector.getMethodList(DefaultSqlInjector.java:56) ::: class com.lianchuangjie.lianchuangjie.entity.StockBatchEntity ,Not found @TableId annotation, Cannot use Mybatis-Plus 'xxById' Method.
2022-11-02 10:53:45.881 WARN  46378 --- [main] com.baomidou.mybatisplus.core.injector.DefaultSqlInjector.getMethodList(DefaultSqlInjector.java:56) ::: class com.lianchuangjie.lianchuangjie.entity.StockListMainEntity ,Not found @TableId annotation, Cannot use Mybatis-Plus 'xxById' Method.
2022-11-02 10:53:45.886 WARN  46378 --- [main] com.baomidou.mybatisplus.core.injector.DefaultSqlInjector.getMethodList(DefaultSqlInjector.java:56) ::: class com.lianchuangjie.lianchuangjie.entity.StockListSubEntity ,Not found @TableId annotation, Cannot use Mybatis-Plus 'xxById' Method.
2022-11-02 10:53:45.902 WARN  46378 --- [main] com.baomidou.mybatisplus.core.injector.DefaultSqlInjector.getMethodList(DefaultSqlInjector.java:56) ::: class com.lianchuangjie.lianchuangjie.entity.StockPrice.StockPriceEntity ,Not found @TableId annotation, Cannot use Mybatis-Plus 'xxById' Method.
2022-11-02 10:53:45.909 WARN  46378 --- [main] com.baomidou.mybatisplus.core.injector.DefaultSqlInjector.getMethodList(DefaultSqlInjector.java:56) ::: class com.lianchuangjie.lianchuangjie.entity.StockQuantityEntity ,Not found @TableId annotation, Cannot use Mybatis-Plus 'xxById' Method.
2022-11-02 10:53:45.926 WARN  46378 --- [main] com.baomidou.mybatisplus.core.injector.DefaultSqlInjector.getMethodList(DefaultSqlInjector.java:56) ::: class com.lianchuangjie.lianchuangjie.entity.Enquiry.EnquirySubEntity ,Not found @TableId annotation, Cannot use Mybatis-Plus 'xxById' Method.
2022-11-02 10:53:45.932 WARN  46378 --- [main] com.baomidou.mybatisplus.core.injector.DefaultSqlInjector.getMethodList(DefaultSqlInjector.java:56) ::: class com.lianchuangjie.lianchuangjie.entity.Enquiry.EnquirySubEntity ,Not found @TableId annotation, Cannot use Mybatis-Plus 'xxById' Method.
2022-11-02 10:53:45.941 WARN  46378 --- [main] com.baomidou.mybatisplus.core.injector.DefaultSqlInjector.getMethodList(DefaultSqlInjector.java:56) ::: class com.lianchuangjie.lianchuangjie.entity.PurchaseOrderSubEntity ,Not found @TableId annotation, Cannot use Mybatis-Plus 'xxById' Method.
2022-11-02 10:53:45.950 WARN  46378 --- [main] com.baomidou.mybatisplus.core.injector.DefaultSqlInjector.getMethodList(DefaultSqlInjector.java:56) ::: class com.lianchuangjie.lianchuangjie.entity.QuotationEntity ,Not found @TableId annotation, Cannot use Mybatis-Plus 'xxById' Method.
2022-11-02 10:53:45.958 WARN  46378 --- [main] com.baomidou.mybatisplus.core.injector.DefaultSqlInjector.getMethodList(DefaultSqlInjector.java:56) ::: class com.lianchuangjie.lianchuangjie.entity.SalesOrderSubEntity ,Not found @TableId annotation, Cannot use Mybatis-Plus 'xxById' Method.
2022-11-02 10:53:45.972 WARN  46378 --- [main] com.baomidou.mybatisplus.core.injector.DefaultSqlInjector.getMethodList(DefaultSqlInjector.java:56) ::: class com.lianchuangjie.lianchuangjie.entity.StockQuantityEntity ,Not found @TableId annotation, Cannot use Mybatis-Plus 'xxById' Method.
