2022-11-02 09:53:50.044 INFO  39532 --- [background-preinit] org.hibernate.validator.internal.util.Version.<clinit>(Version.java:21) ::: HV000001: Hibernate Validator 6.2.3.Final
2022-11-02 09:53:50.060 INFO  39532 --- [main] org.springframework.boot.StartupInfoLogger.logStarting(StartupInfoLogger.java:55) ::: Starting LianChuangjieApplication using Java 19.0.1 on ITX with PID 39532 (/home/wang/Project/LianChuangJie/springboot/target/classes started by wang in /home/wang/Project/LianChuangJie/springboot)
2022-11-02 09:53:50.062 INFO  39532 --- [main] org.springframework.boot.SpringApplication.logStartupProfileInfo(SpringApplication.java:640) ::: The following 1 profile is active: "dev"
2022-11-02 09:53:50.377 INFO  39532 --- [main] org.springframework.data.repository.config.RepositoryConfigurationDelegate.multipleStoresDetected(RepositoryConfigurationDelegate.java:262) ::: Multiple Spring Data modules found, entering strict repository configuration mode
2022-11-02 09:53:50.379 INFO  39532 --- [main] org.springframework.data.repository.config.RepositoryConfigurationDelegate.registerRepositoriesIn(RepositoryConfigurationDelegate.java:132) ::: Bootstrapping Spring Data Redis repositories in DEFAULT mode.
2022-11-02 09:53:50.394 INFO  39532 --- [main] org.springframework.data.repository.config.RepositoryConfigurationDelegate.registerRepositoriesIn(RepositoryConfigurationDelegate.java:201) ::: Finished Spring Data repository scanning in 9 ms. Found 0 Redis repository interfaces.
2022-11-02 09:53:50.703 INFO  39532 --- [main] org.springframework.boot.web.embedded.tomcat.TomcatWebServer.initialize(TomcatWebServer.java:108) ::: Tomcat initialized with port(s): 8080 (http)
2022-11-02 09:53:50.707 INFO  39532 --- [main] org.apache.juli.logging.DirectJDKLog.log(DirectJDKLog.java:173) ::: Initializing ProtocolHandler ["http-nio-8080"]
2022-11-02 09:53:50.707 INFO  39532 --- [main] org.apache.juli.logging.DirectJDKLog.log(DirectJDKLog.java:173) ::: Starting service [Tomcat]
2022-11-02 09:53:50.707 INFO  39532 --- [main] org.apache.juli.logging.DirectJDKLog.log(DirectJDKLog.java:173) ::: Starting Servlet engine: [Apache Tomcat/9.0.65]
2022-11-02 09:53:50.743 INFO  39532 --- [main] org.apache.juli.logging.DirectJDKLog.log(DirectJDKLog.java:173) ::: Initializing Spring embedded WebApplicationContext
2022-11-02 09:53:50.743 INFO  39532 --- [main] org.springframework.boot.web.servlet.context.ServletWebServerApplicationContext.prepareWebApplicationContext(ServletWebServerApplicationContext.java:292) ::: Root WebApplicationContext: initialization completed in 663 ms
2022-11-02 09:53:50.889 WARN  39532 --- [main] com.baomidou.mybatisplus.core.injector.DefaultSqlInjector.getMethodList(DefaultSqlInjector.java:56) ::: class com.lianchuangjie.lianchuangjie.entity.BomSubEntity ,Not found @TableId annotation, Cannot use Mybatis-Plus 'xxById' Method.
2022-11-02 09:53:50.902 WARN  39532 --- [main] com.baomidou.mybatisplus.core.injector.DefaultSqlInjector.getMethodList(DefaultSqlInjector.java:56) ::: class com.lianchuangjie.lianchuangjie.entity.BrandEntity ,Not found @TableId annotation, Cannot use Mybatis-Plus 'xxById' Method.
2022-11-02 09:53:50.912 WARN  39532 --- [main] com.baomidou.mybatisplus.core.injector.DefaultSqlInjector.getMethodList(DefaultSqlInjector.java:56) ::: class com.lianchuangjie.lianchuangjie.entity.Clientele.ClienteleClientLevelEntity ,Not found @TableId annotation, Cannot use Mybatis-Plus 'xxById' Method.
2022-11-02 09:53:50.921 WARN  39532 --- [main] com.baomidou.mybatisplus.core.injector.DefaultSqlInjector.getMethodList(DefaultSqlInjector.java:56) ::: class com.lianchuangjie.lianchuangjie.entity.Clientele.ClienteleEntity ,Not found @TableId annotation, Cannot use Mybatis-Plus 'xxById' Method.
2022-11-02 09:53:50.928 WARN  39532 --- [main] com.baomidou.mybatisplus.core.injector.DefaultSqlInjector.getMethodList(DefaultSqlInjector.java:56) ::: class com.lianchuangjie.lianchuangjie.entity.Clientele.ClienteleGroupEntity ,Not found @TableId annotation, Cannot use Mybatis-Plus 'xxById' Method.
2022-11-02 09:53:50.951 WARN  39532 --- [main] com.baomidou.mybatisplus.core.injector.DefaultSqlInjector.getMethodList(DefaultSqlInjector.java:56) ::: class com.lianchuangjie.lianchuangjie.entity.Clientele.ClienteleSupplierLevelEntity ,Not found @TableId annotation, Cannot use Mybatis-Plus 'xxById' Method.
2022-11-02 09:53:50.959 WARN  39532 --- [main] com.baomidou.mybatisplus.core.injector.DefaultSqlInjector.getMethodList(DefaultSqlInjector.java:56) ::: class com.lianchuangjie.lianchuangjie.entity.Clientele.ClienteleEntity ,Not found @TableId annotation, Cannot use Mybatis-Plus 'xxById' Method.
2022-11-02 09:53:50.966 WARN  39532 --- [main] com.baomidou.mybatisplus.core.injector.DefaultSqlInjector.getMethodList(DefaultSqlInjector.java:56) ::: class com.lianchuangjie.lianchuangjie.entity.CompanyDepartmentEntity ,Not found @TableId annotation, Cannot use Mybatis-Plus 'xxById' Method.
2022-11-02 09:53:50.974 WARN  39532 --- [main] com.baomidou.mybatisplus.core.injector.DefaultSqlInjector.getMethodList(DefaultSqlInjector.java:56) ::: class com.lianchuangjie.lianchuangjie.entity.CompanyLetterheadEntity ,Not found @TableId annotation, Cannot use Mybatis-Plus 'xxById' Method.
2022-11-02 09:53:50.990 WARN  39532 --- [main] com.baomidou.mybatisplus.core.injector.DefaultSqlInjector.getMethodList(DefaultSqlInjector.java:56) ::: class com.lianchuangjie.lianchuangjie.entity.CurVat.CurrencyEntity ,Not found @TableId annotation, Cannot use Mybatis-Plus 'xxById' Method.
