2022-10-29 20:23:22.000 WARN  105782 --- [main] com.baomidou.mybatisplus.core.injector.DefaultSqlInjector.getMethodList(DefaultSqlInjector.java:56) ::: class com.lianchuangjie.lianchuangjie.entity.StockPrice.StockPriceEntity ,Not found @TableId annotation, Cannot use Mybatis-Plus 'xxById' Method.
2022-10-29 20:23:22.007 WARN  105782 --- [main] com.baomidou.mybatisplus.core.injector.DefaultSqlInjector.getMethodList(DefaultSqlInjector.java:56) ::: class com.lianchuangjie.lianchuangjie.entity.StockQuantityEntity ,Not found @TableId annotation, Cannot use Mybatis-Plus 'xxById' Method.
2022-10-29 20:23:22.023 WARN  105782 --- [main] com.baomidou.mybatisplus.core.injector.DefaultSqlInjector.getMethodList(DefaultSqlInjector.java:56) ::: class com.lianchuangjie.lianchuangjie.entity.EnquirySubEntity ,Not found @TableId annotation, Cannot use Mybatis-Plus 'xxById' Method.
2022-10-29 20:23:22.029 WARN  105782 --- [main] com.baomidou.mybatisplus.core.injector.DefaultSqlInjector.getMethodList(DefaultSqlInjector.java:56) ::: class com.lianchuangjie.lianchuangjie.entity.EnquirySubEntity ,Not found @TableId annotation, Cannot use Mybatis-Plus 'xxById' Method.
2022-10-29 20:23:22.037 WARN  105782 --- [main] com.baomidou.mybatisplus.core.injector.DefaultSqlInjector.getMethodList(DefaultSqlInjector.java:56) ::: class com.lianchuangjie.lianchuangjie.entity.PurchaseOrderSubEntity ,Not found @TableId annotation, Cannot use Mybatis-Plus 'xxById' Method.
2022-10-29 20:23:22.044 WARN  105782 --- [main] com.baomidou.mybatisplus.core.injector.DefaultSqlInjector.getMethodList(DefaultSqlInjector.java:56) ::: class com.lianchuangjie.lianchuangjie.entity.QuotationEntity ,Not found @TableId annotation, Cannot use Mybatis-Plus 'xxById' Method.
2022-10-29 20:23:22.051 WARN  105782 --- [main] com.baomidou.mybatisplus.core.injector.DefaultSqlInjector.getMethodList(DefaultSqlInjector.java:56) ::: class com.lianchuangjie.lianchuangjie.entity.SalesOrderSubEntity ,Not found @TableId annotation, Cannot use Mybatis-Plus 'xxById' Method.
2022-10-29 20:23:22.062 WARN  105782 --- [main] com.baomidou.mybatisplus.core.injector.DefaultSqlInjector.getMethodList(DefaultSqlInjector.java:56) ::: class com.lianchuangjie.lianchuangjie.entity.StockQuantityEntity ,Not found @TableId annotation, Cannot use Mybatis-Plus 'xxById' Method.
2022-10-29 20:23:22.267 WARN  105782 --- [main] com.baomidou.mybatisplus.core.injector.DefaultSqlInjector.getMethodList(DefaultSqlInjector.java:56) ::: class com.lianchuangjie.lianchuangjie.entity.EnquirySubEntity ,Not found @TableId annotation, Cannot use Mybatis-Plus 'xxById' Method.
2022-10-29 20:23:22.435 WARN  105782 --- [main] com.baomidou.mybatisplus.core.injector.DefaultSqlInjector.getMethodList(DefaultSqlInjector.java:56) ::: class com.lianchuangjie.lianchuangjie.entity.EnquiryBuyerEntity ,Not found @TableId annotation, Cannot use Mybatis-Plus 'xxById' Method.
2022-10-29 20:23:22.675 WARN  105782 --- [main] org.springframework.boot.autoconfigure.security.servlet.UserDetailsServiceAutoConfiguration.getOrDeducePassword(UserDetailsServiceAutoConfiguration.java:88) ::: 

Using generated security password: 3aad94fa-2222-482a-8de9-96a86de3f187

This generated password is for development use only. Your security configuration must be updated before running your application in production.

2022-10-29 20:23:22.727 INFO  105782 --- [main] org.springframework.security.web.DefaultSecurityFilterChain.<init>(DefaultSecurityFilterChain.java:55) ::: Will secure any request with [org.springframework.security.web.session.DisableEncodeUrlFilter@7d95166a, org.springframework.security.web.context.request.async.WebAsyncManagerIntegrationFilter@18b3db6e, org.springframework.security.web.context.SecurityContextPersistenceFilter@5178345d, org.springframework.security.web.header.HeaderWriterFilter@573870cb, org.springframework.security.web.authentication.logout.LogoutFilter@2cce10bc, org.springframework.security.web.savedrequest.RequestCacheAwareFilter@708f7386, org.springframework.security.web.servletapi.SecurityContextHolderAwareRequestFilter@377e90b0, org.springframework.security.web.authentication.AnonymousAuthenticationFilter@1feb586d, org.springframework.security.web.session.SessionManagementFilter@3573e19d, org.springframework.security.web.access.ExceptionTranslationFilter@41e7a544, org.springframework.security.web.access.intercept.FilterSecurityInterceptor@598e5cb8]
2022-10-29 20:23:22.984 INFO  105782 --- [main] org.apache.juli.logging.DirectJDKLog.log(DirectJDKLog.java:173) ::: Starting ProtocolHandler ["http-nio-8080"]
2022-10-29 20:23:22.987 WARN  105782 --- [main] org.springframework.context.support.AbstractApplicationContext.refresh(AbstractApplicationContext.java:591) ::: Exception encountered during context initialization - cancelling refresh attempt: org.springframework.context.ApplicationContextException: Failed to start bean 'webServerStartStop'; nested exception is org.springframework.boot.web.server.WebServerException: Unable to start embedded Tomcat server
2022-10-29 20:23:22.995 INFO  105782 --- [main] org.apache.juli.logging.DirectJDKLog.log(DirectJDKLog.java:173) ::: Pausing ProtocolHandler ["http-nio-8080"]
2022-10-29 20:23:22.996 INFO  105782 --- [main] org.apache.juli.logging.DirectJDKLog.log(DirectJDKLog.java:173) ::: Stopping service [Tomcat]
2022-10-29 20:23:22.998 INFO  105782 --- [main] org.apache.juli.logging.DirectJDKLog.log(DirectJDKLog.java:173) ::: Stopping ProtocolHandler ["http-nio-8080"]
2022-10-29 20:23:22.998 INFO  105782 --- [main] org.apache.juli.logging.DirectJDKLog.log(DirectJDKLog.java:173) ::: Destroying ProtocolHandler ["http-nio-8080"]
