2022-10-29 21:11:17.157 INFO  116324 --- [main] org.springframework.data.repository.config.RepositoryConfigurationDelegate.multipleStoresDetected(RepositoryConfigurationDelegate.java:262) ::: Multiple Spring Data modules found, entering strict repository configuration mode
2022-10-29 21:11:17.159 INFO  116324 --- [main] org.springframework.data.repository.config.RepositoryConfigurationDelegate.registerRepositoriesIn(RepositoryConfigurationDelegate.java:132) ::: Bootstrapping Spring Data Redis repositories in DEFAULT mode.
2022-10-29 21:11:17.174 INFO  116324 --- [main] org.springframework.data.repository.config.RepositoryConfigurationDelegate.registerRepositoriesIn(RepositoryConfigurationDelegate.java:201) ::: Finished Spring Data repository scanning in 9 ms. Found 0 Redis repository interfaces.
2022-10-29 21:11:17.484 INFO  116324 --- [main] org.springframework.boot.web.embedded.tomcat.TomcatWebServer.initialize(TomcatWebServer.java:108) ::: Tomcat initialized with port(s): 8080 (http)
2022-10-29 21:11:17.488 INFO  116324 --- [main] org.apache.juli.logging.DirectJDKLog.log(DirectJDKLog.java:173) ::: Initializing ProtocolHandler ["http-nio-8080"]
2022-10-29 21:11:17.489 INFO  116324 --- [main] org.apache.juli.logging.DirectJDKLog.log(DirectJDKLog.java:173) ::: Starting service [Tomcat]
2022-10-29 21:11:17.489 INFO  116324 --- [main] org.apache.juli.logging.DirectJDKLog.log(DirectJDKLog.java:173) ::: Starting Servlet engine: [Apache Tomcat/9.0.65]
2022-10-29 21:11:17.526 INFO  116324 --- [main] org.apache.juli.logging.DirectJDKLog.log(DirectJDKLog.java:173) ::: Initializing Spring embedded WebApplicationContext
2022-10-29 21:11:17.526 INFO  116324 --- [main] org.springframework.boot.web.servlet.context.ServletWebServerApplicationContext.prepareWebApplicationContext(ServletWebServerApplicationContext.java:292) ::: Root WebApplicationContext: initialization completed in 661 ms
2022-10-29 21:11:17.672 WARN  116324 --- [main] com.baomidou.mybatisplus.core.injector.DefaultSqlInjector.getMethodList(DefaultSqlInjector.java:56) ::: class com.lianchuangjie.lianchuangjie.entity.BomSubEntity ,Not found @TableId annotation, Cannot use Mybatis-Plus 'xxById' Method.
2022-10-29 21:11:17.685 WARN  116324 --- [main] com.baomidou.mybatisplus.core.injector.DefaultSqlInjector.getMethodList(DefaultSqlInjector.java:56) ::: class com.lianchuangjie.lianchuangjie.entity.BrandEntity ,Not found @TableId annotation, Cannot use Mybatis-Plus 'xxById' Method.
2022-10-29 21:11:17.695 WARN  116324 --- [main] com.baomidou.mybatisplus.core.injector.DefaultSqlInjector.getMethodList(DefaultSqlInjector.java:56) ::: class com.lianchuangjie.lianchuangjie.entity.Clientele.ClienteleClientLevelEntity ,Not found @TableId annotation, Cannot use Mybatis-Plus 'xxById' Method.
2022-10-29 21:11:17.704 WARN  116324 --- [main] com.baomidou.mybatisplus.core.injector.DefaultSqlInjector.getMethodList(DefaultSqlInjector.java:56) ::: class com.lianchuangjie.lianchuangjie.entity.Clientele.ClienteleEntity ,Not found @TableId annotation, Cannot use Mybatis-Plus 'xxById' Method.
2022-10-29 21:11:17.712 WARN  116324 --- [main] com.baomidou.mybatisplus.core.injector.DefaultSqlInjector.getMethodList(DefaultSqlInjector.java:56) ::: class com.lianchuangjie.lianchuangjie.entity.Clientele.ClienteleGroupEntity ,Not found @TableId annotation, Cannot use Mybatis-Plus 'xxById' Method.
2022-10-29 21:11:17.735 WARN  116324 --- [main] com.baomidou.mybatisplus.core.injector.DefaultSqlInjector.getMethodList(DefaultSqlInjector.java:56) ::: class com.lianchuangjie.lianchuangjie.entity.Clientele.ClienteleSupplierLevelEntity ,Not found @TableId annotation, Cannot use Mybatis-Plus 'xxById' Method.
2022-10-29 21:11:17.744 WARN  116324 --- [main] com.baomidou.mybatisplus.core.injector.DefaultSqlInjector.getMethodList(DefaultSqlInjector.java:56) ::: class com.lianchuangjie.lianchuangjie.entity.Clientele.ClienteleEntity ,Not found @TableId annotation, Cannot use Mybatis-Plus 'xxById' Method.
2022-10-29 21:11:17.751 WARN  116324 --- [main] com.baomidou.mybatisplus.core.injector.DefaultSqlInjector.getMethodList(DefaultSqlInjector.java:56) ::: class com.lianchuangjie.lianchuangjie.entity.CompanyDepartmentEntity ,Not found @TableId annotation, Cannot use Mybatis-Plus 'xxById' Method.
2022-10-29 21:11:17.758 WARN  116324 --- [main] com.baomidou.mybatisplus.core.injector.DefaultSqlInjector.getMethodList(DefaultSqlInjector.java:56) ::: class com.lianchuangjie.lianchuangjie.entity.CompanyLetterheadEntity ,Not found @TableId annotation, Cannot use Mybatis-Plus 'xxById' Method.
2022-10-29 21:11:17.766 WARN  116324 --- [main] com.baomidou.mybatisplus.core.injector.DefaultSqlInjector.getMethodList(DefaultSqlInjector.java:56) ::: class com.lianchuangjie.lianchuangjie.entity.CurVat.CurVatConfEntity ,Not found @TableId annotation, Cannot use Mybatis-Plus 'xxById' Method.
2022-10-29 21:11:17.774 WARN  116324 --- [main] com.baomidou.mybatisplus.core.injector.DefaultSqlInjector.getMethodList(DefaultSqlInjector.java:56) ::: class com.lianchuangjie.lianchuangjie.entity.CurVat.CurrencyEntity ,Not found @TableId annotation, Cannot use Mybatis-Plus 'xxById' Method.
2022-10-29 21:11:17.811 WARN  116324 --- [main] com.baomidou.mybatisplus.core.injector.DefaultSqlInjector.getMethodList(DefaultSqlInjector.java:56) ::: class com.lianchuangjie.lianchuangjie.entity.ExchangeRateEntity ,Not found @TableId annotation, Cannot use Mybatis-Plus 'xxById' Method.
2022-10-29 21:11:17.822 WARN  116324 --- [main] com.baomidou.mybatisplus.core.injector.DefaultSqlInjector.getMethodList(DefaultSqlInjector.java:56) ::: class com.lianchuangjie.lianchuangjie.entity.PurchaseOrderMainEntity ,Not found @TableId annotation, Cannot use Mybatis-Plus 'xxById' Method.
2022-10-29 21:11:17.829 WARN  116324 --- [main] com.baomidou.mybatisplus.core.injector.DefaultSqlInjector.getMethodList(DefaultSqlInjector.java:56) ::: class com.lianchuangjie.lianchuangjie.entity.PurchaseOrderSubEntity ,Not found @TableId annotation, Cannot use Mybatis-Plus 'xxById' Method.
2022-10-29 21:11:17.842 WARN  116324 --- [main] com.baomidou.mybatisplus.core.injector.DefaultSqlInjector.getMethodList(DefaultSqlInjector.java:56) ::: class com.lianchuangjie.lianchuangjie.entity.QuotationEntity ,Not found @TableId annotation, Cannot use Mybatis-Plus 'xxById' Method.
2022-10-29 21:11:17.851 WARN  116324 --- [main] com.baomidou.mybatisplus.core.injector.DefaultSqlInjector.getMethodList(DefaultSqlInjector.java:56) ::: class com.lianchuangjie.lianchuangjie.entity.SalesOrderMainEntity ,Not found @TableId annotation, Cannot use Mybatis-Plus 'xxById' Method.
2022-10-29 21:11:17.857 WARN  116324 --- [main] com.baomidou.mybatisplus.core.injector.DefaultSqlInjector.getMethodList(DefaultSqlInjector.java:56) ::: class com.lianchuangjie.lianchuangjie.entity.SalesOrderSubEntity ,Not found @TableId annotation, Cannot use Mybatis-Plus 'xxById' Method.
2022-10-29 21:11:17.875 WARN  116324 --- [main] com.baomidou.mybatisplus.core.injector.DefaultSqlInjector.getMethodList(DefaultSqlInjector.java:56) ::: class com.lianchuangjie.lianchuangjie.entity.StockBatchEntity ,Not found @TableId annotation, Cannot use Mybatis-Plus 'xxById' Method.
2022-10-29 21:11:17.882 WARN  116324 --- [main] com.baomidou.mybatisplus.core.injector.DefaultSqlInjector.getMethodList(DefaultSqlInjector.java:56) ::: class com.lianchuangjie.lianchuangjie.entity.StockListMainEntity ,Not found @TableId annotation, Cannot use Mybatis-Plus 'xxById' Method.
2022-10-29 21:11:17.887 WARN  116324 --- [main] com.baomidou.mybatisplus.core.injector.DefaultSqlInjector.getMethodList(DefaultSqlInjector.java:56) ::: class com.lianchuangjie.lianchuangjie.entity.StockListSubEntity ,Not found @TableId annotation, Cannot use Mybatis-Plus 'xxById' Method.
2022-10-29 21:11:17.903 WARN  116324 --- [main] com.baomidou.mybatisplus.core.injector.DefaultSqlInjector.getMethodList(DefaultSqlInjector.java:56) ::: class com.lianchuangjie.lianchuangjie.entity.StockPrice.StockPriceEntity ,Not found @TableId annotation, Cannot use Mybatis-Plus 'xxById' Method.
2022-10-29 21:11:17.912 WARN  116324 --- [main] com.baomidou.mybatisplus.core.injector.DefaultSqlInjector.getMethodList(DefaultSqlInjector.java:56) ::: class com.lianchuangjie.lianchuangjie.entity.StockQuantityEntity ,Not found @TableId annotation, Cannot use Mybatis-Plus 'xxById' Method.
2022-10-29 21:11:17.926 WARN  116324 --- [main] com.baomidou.mybatisplus.core.injector.DefaultSqlInjector.getMethodList(DefaultSqlInjector.java:56) ::: class com.lianchuangjie.lianchuangjie.entity.EnquirySubEntity ,Not found @TableId annotation, Cannot use Mybatis-Plus 'xxById' Method.
2022-10-29 21:11:17.931 WARN  116324 --- [main] com.baomidou.mybatisplus.core.injector.DefaultSqlInjector.getMethodList(DefaultSqlInjector.java:56) ::: class com.lianchuangjie.lianchuangjie.entity.EnquirySubEntity ,Not found @TableId annotation, Cannot use Mybatis-Plus 'xxById' Method.
2022-10-29 21:11:17.938 WARN  116324 --- [main] com.baomidou.mybatisplus.core.injector.DefaultSqlInjector.getMethodList(DefaultSqlInjector.java:56) ::: class com.lianchuangjie.lianchuangjie.entity.PurchaseOrderSubEntity ,Not found @TableId annotation, Cannot use Mybatis-Plus 'xxById' Method.
2022-10-29 21:11:17.944 WARN  116324 --- [main] com.baomidou.mybatisplus.core.injector.DefaultSqlInjector.getMethodList(DefaultSqlInjector.java:56) ::: class com.lianchuangjie.lianchuangjie.entity.QuotationEntity ,Not found @TableId annotation, Cannot use Mybatis-Plus 'xxById' Method.
2022-10-29 21:11:17.951 WARN  116324 --- [main] com.baomidou.mybatisplus.core.injector.DefaultSqlInjector.getMethodList(DefaultSqlInjector.java:56) ::: class com.lianchuangjie.lianchuangjie.entity.SalesOrderSubEntity ,Not found @TableId annotation, Cannot use Mybatis-Plus 'xxById' Method.
2022-10-29 21:11:17.961 WARN  116324 --- [main] com.baomidou.mybatisplus.core.injector.DefaultSqlInjector.getMethodList(DefaultSqlInjector.java:56) ::: class com.lianchuangjie.lianchuangjie.entity.StockQuantityEntity ,Not found @TableId annotation, Cannot use Mybatis-Plus 'xxById' Method.
