2022-12-25 15:02:00.257 INFO  3314 --- [main] org.springframework.boot.web.embedded.tomcat.TomcatWebServer.initialize(TomcatWebServer.java:108) ::: Tomcat initialized with port(s): 8080 (http)
2022-12-25 15:02:00.262 INFO  3314 --- [main] org.apache.juli.logging.DirectJDKLog.log(DirectJDKLog.java:173) ::: Initializing ProtocolHandler ["http-nio-8080"]
2022-12-25 15:02:00.262 INFO  3314 --- [main] org.apache.juli.logging.DirectJDKLog.log(DirectJDKLog.java:173) ::: Starting service [Tomcat]
2022-12-25 15:02:00.263 INFO  3314 --- [main] org.apache.juli.logging.DirectJDKLog.log(DirectJDKLog.java:173) ::: Starting Servlet engine: [Apache Tomcat/9.0.65]
2022-12-25 15:02:00.314 INFO  3314 --- [main] org.apache.juli.logging.DirectJDKLog.log(DirectJDKLog.java:173) ::: Initializing Spring embedded WebApplicationContext
2022-12-25 15:02:00.314 INFO  3314 --- [main] org.springframework.boot.web.servlet.context.ServletWebServerApplicationContext.prepareWebApplicationContext(ServletWebServerApplicationContext.java:292) ::: Root WebApplicationContext: initialization completed in 941 ms
2022-12-25 15:02:00.487 WARN  3314 --- [main] com.baomidou.mybatisplus.core.injector.DefaultSqlInjector.getMethodList(DefaultSqlInjector.java:56) ::: class com.lianchuangjie.lianchuangjie.entity.BrandEntity ,Not found @TableId annotation, Cannot use Mybatis-Plus 'xxById' Method.
2022-12-25 15:02:00.516 WARN  3314 --- [main] com.baomidou.mybatisplus.core.injector.DefaultSqlInjector.getMethodList(DefaultSqlInjector.java:56) ::: class com.lianchuangjie.lianchuangjie.entity.Clientele.ClienteleClientLevelEntity ,Not found @TableId annotation, Cannot use Mybatis-Plus 'xxById' Method.
2022-12-25 15:02:00.533 WARN  3314 --- [main] com.baomidou.mybatisplus.core.injector.DefaultSqlInjector.getMethodList(DefaultSqlInjector.java:56) ::: class com.lianchuangjie.lianchuangjie.entity.Clientele.ClienteleEntity ,Not found @TableId annotation, Cannot use Mybatis-Plus 'xxById' Method.
2022-12-25 15:02:00.545 WARN  3314 --- [main] com.baomidou.mybatisplus.core.injector.DefaultSqlInjector.getMethodList(DefaultSqlInjector.java:56) ::: class com.lianchuangjie.lianchuangjie.entity.Clientele.ClienteleGroupEntity ,Not found @TableId annotation, Cannot use Mybatis-Plus 'xxById' Method.
2022-12-25 15:02:00.587 WARN  3314 --- [main] com.baomidou.mybatisplus.core.injector.DefaultSqlInjector.getMethodList(DefaultSqlInjector.java:56) ::: class com.lianchuangjie.lianchuangjie.entity.Clientele.ClienteleSupplierLevelEntity ,Not found @TableId annotation, Cannot use Mybatis-Plus 'xxById' Method.
2022-12-25 15:02:00.599 WARN  3314 --- [main] com.baomidou.mybatisplus.core.injector.DefaultSqlInjector.getMethodList(DefaultSqlInjector.java:56) ::: class com.lianchuangjie.lianchuangjie.entity.Clientele.ClienteleEntity ,Not found @TableId annotation, Cannot use Mybatis-Plus 'xxById' Method.
2022-12-25 15:02:00.613 WARN  3314 --- [main] com.baomidou.mybatisplus.core.injector.DefaultSqlInjector.getMethodList(DefaultSqlInjector.java:56) ::: class com.lianchuangjie.lianchuangjie.entity.CompanyDepartmentEntity ,Not found @TableId annotation, Cannot use Mybatis-Plus 'xxById' Method.
2022-12-25 15:02:00.624 WARN  3314 --- [main] com.baomidou.mybatisplus.core.injector.DefaultSqlInjector.getMethodList(DefaultSqlInjector.java:56) ::: class com.lianchuangjie.lianchuangjie.entity.CompanyLetterheadEntity ,Not found @TableId annotation, Cannot use Mybatis-Plus 'xxById' Method.
2022-12-25 15:02:00.654 WARN  3314 --- [main] com.baomidou.mybatisplus.core.injector.DefaultSqlInjector.getMethodList(DefaultSqlInjector.java:56) ::: class com.lianchuangjie.lianchuangjie.entity.CurVat.CurrencyEntity ,Not found @TableId annotation, Cannot use Mybatis-Plus 'xxById' Method.
2022-12-25 15:02:00.662 WARN  3314 --- [main] com.baomidou.mybatisplus.core.injector.DefaultSqlInjector.getMethodList(DefaultSqlInjector.java:56) ::: class com.lianchuangjie.lianchuangjie.entity.CurVat.ExchangeRateEntity ,Not found @TableId annotation, Cannot use Mybatis-Plus 'xxById' Method.
2022-12-25 15:02:00.702 WARN  3314 --- [main] com.baomidou.mybatisplus.core.injector.DefaultSqlInjector.getMethodList(DefaultSqlInjector.java:56) ::: class com.lianchuangjie.lianchuangjie.entity.Enquiry.BomSubEntity ,Not found @TableId annotation, Cannot use Mybatis-Plus 'xxById' Method.
2022-12-25 15:02:00.718 WARN  3314 --- [main] com.baomidou.mybatisplus.core.injector.DefaultSqlInjector.getMethodList(DefaultSqlInjector.java:56) ::: class com.lianchuangjie.lianchuangjie.entity.Enquiry.EnquiryBuyerEntity ,Not found @TableId annotation, Cannot use Mybatis-Plus 'xxById' Method.
2022-12-25 15:02:00.750 WARN  3314 --- [main] com.baomidou.mybatisplus.core.injector.DefaultSqlInjector.getMethodList(DefaultSqlInjector.java:56) ::: class com.lianchuangjie.lianchuangjie.entity.Enquiry.EnquirySubEntity ,Not found @TableId annotation, Cannot use Mybatis-Plus 'xxById' Method.
2022-12-25 15:02:00.765 WARN  3314 --- [main] com.baomidou.mybatisplus.core.injector.DefaultSqlInjector.getMethodList(DefaultSqlInjector.java:56) ::: class com.lianchuangjie.lianchuangjie.entity.PurchaseOrderMainEntity ,Not found @TableId annotation, Cannot use Mybatis-Plus 'xxById' Method.
2022-12-25 15:02:00.775 WARN  3314 --- [main] com.baomidou.mybatisplus.core.injector.DefaultSqlInjector.getMethodList(DefaultSqlInjector.java:56) ::: class com.lianchuangjie.lianchuangjie.entity.PurchaseOrderSubEntity ,Not found @TableId annotation, Cannot use Mybatis-Plus 'xxById' Method.
2022-12-25 15:02:00.790 WARN  3314 --- [main] com.baomidou.mybatisplus.core.injector.DefaultSqlInjector.getMethodList(DefaultSqlInjector.java:56) ::: class com.lianchuangjie.lianchuangjie.entity.QuotationEntity ,Not found @TableId annotation, Cannot use Mybatis-Plus 'xxById' Method.
2022-12-25 15:02:00.801 WARN  3314 --- [main] com.baomidou.mybatisplus.core.injector.DefaultSqlInjector.getMethodList(DefaultSqlInjector.java:56) ::: class com.lianchuangjie.lianchuangjie.entity.SalesOrderMainEntity ,Not found @TableId annotation, Cannot use Mybatis-Plus 'xxById' Method.
2022-12-25 15:02:00.809 WARN  3314 --- [main] com.baomidou.mybatisplus.core.injector.DefaultSqlInjector.getMethodList(DefaultSqlInjector.java:56) ::: class com.lianchuangjie.lianchuangjie.entity.SalesOrderSubEntity ,Not found @TableId annotation, Cannot use Mybatis-Plus 'xxById' Method.
2022-12-25 15:02:00.841 WARN  3314 --- [main] com.baomidou.mybatisplus.core.injector.DefaultSqlInjector.getMethodList(DefaultSqlInjector.java:56) ::: class com.lianchuangjie.lianchuangjie.entity.StockList.StockListRecordEntity ,Not found @TableId annotation, Cannot use Mybatis-Plus 'xxById' Method.
2022-12-25 15:02:00.853 WARN  3314 --- [main] com.baomidou.mybatisplus.core.injector.DefaultSqlInjector.getMethodList(DefaultSqlInjector.java:56) ::: class com.lianchuangjie.lianchuangjie.entity.StockList.StockListSubEntity ,Not found @TableId annotation, Cannot use Mybatis-Plus 'xxById' Method.
2022-12-25 15:02:00.863 WARN  3314 --- [main] com.baomidou.mybatisplus.core.injector.DefaultSqlInjector.getMethodList(DefaultSqlInjector.java:56) ::: class com.lianchuangjie.lianchuangjie.entity.Stock.StockBatchEntity ,Not found @TableId annotation, Cannot use Mybatis-Plus 'xxById' Method.
2022-12-25 15:02:00.876 WARN  3314 --- [main] com.baomidou.mybatisplus.core.injector.DefaultSqlInjector.getMethodList(DefaultSqlInjector.java:56) ::: class com.lianchuangjie.lianchuangjie.entity.Stock.StockQuantityEntity ,Not found @TableId annotation, Cannot use Mybatis-Plus 'xxById' Method.
2022-12-25 15:02:00.903 WARN  3314 --- [main] com.baomidou.mybatisplus.core.injector.DefaultSqlInjector.getMethodList(DefaultSqlInjector.java:56) ::: class com.lianchuangjie.lianchuangjie.entity.StockPrice.StockPriceEntity ,Not found @TableId annotation, Cannot use Mybatis-Plus 'xxById' Method.
2022-12-25 15:02:00.943 WARN  3314 --- [main] com.baomidou.mybatisplus.core.injector.DefaultSqlInjector.getMethodList(DefaultSqlInjector.java:56) ::: class com.lianchuangjie.lianchuangjie.entity.Enquiry.EnquirySubEntity ,Not found @TableId annotation, Cannot use Mybatis-Plus 'xxById' Method.
2022-12-25 15:02:00.952 WARN  3314 --- [main] com.baomidou.mybatisplus.core.injector.DefaultSqlInjector.getMethodList(DefaultSqlInjector.java:56) ::: class com.lianchuangjie.lianchuangjie.entity.Enquiry.EnquirySubEntity ,Not found @TableId annotation, Cannot use Mybatis-Plus 'xxById' Method.
2022-12-25 15:02:00.962 WARN  3314 --- [main] com.baomidou.mybatisplus.core.injector.DefaultSqlInjector.getMethodList(DefaultSqlInjector.java:56) ::: class com.lianchuangjie.lianchuangjie.entity.PurchaseOrderSubEntity ,Not found @TableId annotation, Cannot use Mybatis-Plus 'xxById' Method.
2022-12-25 15:02:00.971 WARN  3314 --- [main] com.baomidou.mybatisplus.core.injector.DefaultSqlInjector.getMethodList(DefaultSqlInjector.java:56) ::: class com.lianchuangjie.lianchuangjie.entity.QuotationEntity ,Not found @TableId annotation, Cannot use Mybatis-Plus 'xxById' Method.
2022-12-25 15:02:00.982 WARN  3314 --- [main] com.baomidou.mybatisplus.core.injector.DefaultSqlInjector.getMethodList(DefaultSqlInjector.java:56) ::: class com.lianchuangjie.lianchuangjie.entity.SalesOrderSubEntity ,Not found @TableId annotation, Cannot use Mybatis-Plus 'xxById' Method.
2022-12-25 15:02:00.998 WARN  3314 --- [main] com.baomidou.mybatisplus.core.injector.DefaultSqlInjector.getMethodList(DefaultSqlInjector.java:56) ::: class com.lianchuangjie.lianchuangjie.entity.Stock.StockQuantityEntity ,Not found @TableId annotation, Cannot use Mybatis-Plus 'xxById' Method.
