2022-10-29 16:30:15.008 INFO  85025 --- [main] org.springframework.data.repository.config.RepositoryConfigurationDelegate.registerRepositoriesIn(RepositoryConfigurationDelegate.java:201) ::: Finished Spring Data repository scanning in 12 ms. Found 0 Redis repository interfaces.
2022-10-29 16:30:15.320 INFO  85025 --- [main] org.springframework.boot.web.embedded.tomcat.TomcatWebServer.initialize(TomcatWebServer.java:108) ::: Tomcat initialized with port(s): 8080 (http)
2022-10-29 16:30:15.324 INFO  85025 --- [main] org.apache.juli.logging.DirectJDKLog.log(DirectJDKLog.java:173) ::: Initializing ProtocolHandler ["http-nio-8080"]
2022-10-29 16:30:15.325 INFO  85025 --- [main] org.apache.juli.logging.DirectJDKLog.log(DirectJDKLog.java:173) ::: Starting service [Tomcat]
2022-10-29 16:30:15.325 INFO  85025 --- [main] org.apache.juli.logging.DirectJDKLog.log(DirectJDKLog.java:173) ::: Starting Servlet engine: [Apache Tomcat/9.0.65]
2022-10-29 16:30:15.365 INFO  85025 --- [main] org.apache.juli.logging.DirectJDKLog.log(DirectJDKLog.java:173) ::: Initializing Spring embedded WebApplicationContext
2022-10-29 16:30:15.366 INFO  85025 --- [main] org.springframework.boot.web.servlet.context.ServletWebServerApplicationContext.prepareWebApplicationContext(ServletWebServerApplicationContext.java:292) ::: Root WebApplicationContext: initialization completed in 746 ms
2022-10-29 16:30:15.520 WARN  85025 --- [main] com.baomidou.mybatisplus.core.injector.DefaultSqlInjector.getMethodList(DefaultSqlInjector.java:56) ::: class com.lianchuangjie.lianchuangjie.entity.BomSubEntity ,Not found @TableId annotation, Cannot use Mybatis-Plus 'xxById' Method.
2022-10-29 16:30:15.530 WARN  85025 --- [main] com.baomidou.mybatisplus.core.injector.DefaultSqlInjector.getMethodList(DefaultSqlInjector.java:56) ::: class com.lianchuangjie.lianchuangjie.entity.BrandEntity ,Not found @TableId annotation, Cannot use Mybatis-Plus 'xxById' Method.
2022-10-29 16:30:15.541 WARN  85025 --- [main] com.baomidou.mybatisplus.core.injector.DefaultSqlInjector.getMethodList(DefaultSqlInjector.java:56) ::: class com.lianchuangjie.lianchuangjie.entity.Clientele.ClienteleClientLevelEntity ,Not found @TableId annotation, Cannot use Mybatis-Plus 'xxById' Method.
2022-10-29 16:30:15.551 WARN  85025 --- [main] com.baomidou.mybatisplus.core.injector.DefaultSqlInjector.getMethodList(DefaultSqlInjector.java:56) ::: class com.lianchuangjie.lianchuangjie.entity.Clientele.ClienteleEntity ,Not found @TableId annotation, Cannot use Mybatis-Plus 'xxById' Method.
2022-10-29 16:30:15.559 WARN  85025 --- [main] com.baomidou.mybatisplus.core.injector.DefaultSqlInjector.getMethodList(DefaultSqlInjector.java:56) ::: class com.lianchuangjie.lianchuangjie.entity.Clientele.ClienteleGroupEntity ,Not found @TableId annotation, Cannot use Mybatis-Plus 'xxById' Method.
2022-10-29 16:30:15.589 WARN  85025 --- [main] com.baomidou.mybatisplus.core.injector.DefaultSqlInjector.getMethodList(DefaultSqlInjector.java:56) ::: class com.lianchuangjie.lianchuangjie.entity.Clientele.ClienteleSupplierLevelEntity ,Not found @TableId annotation, Cannot use Mybatis-Plus 'xxById' Method.
2022-10-29 16:30:15.596 WARN  85025 --- [main] com.baomidou.mybatisplus.core.injector.DefaultSqlInjector.getMethodList(DefaultSqlInjector.java:56) ::: class com.lianchuangjie.lianchuangjie.entity.Clientele.ClienteleEntity ,Not found @TableId annotation, Cannot use Mybatis-Plus 'xxById' Method.
2022-10-29 16:30:15.603 WARN  85025 --- [main] com.baomidou.mybatisplus.core.injector.DefaultSqlInjector.getMethodList(DefaultSqlInjector.java:56) ::: class com.lianchuangjie.lianchuangjie.entity.CompanyDepartmentEntity ,Not found @TableId annotation, Cannot use Mybatis-Plus 'xxById' Method.
2022-10-29 16:30:15.609 WARN  85025 --- [main] com.baomidou.mybatisplus.core.injector.DefaultSqlInjector.getMethodList(DefaultSqlInjector.java:56) ::: class com.lianchuangjie.lianchuangjie.entity.CompanyLetterheadEntity ,Not found @TableId annotation, Cannot use Mybatis-Plus 'xxById' Method.
2022-10-29 16:30:15.615 WARN  85025 --- [main] com.baomidou.mybatisplus.core.injector.DefaultSqlInjector.getMethodList(DefaultSqlInjector.java:56) ::: class com.lianchuangjie.lianchuangjie.entity.CurVat.CurVatConfEntity ,Not found @TableId annotation, Cannot use Mybatis-Plus 'xxById' Method.
2022-10-29 16:30:15.621 WARN  85025 --- [main] com.baomidou.mybatisplus.core.injector.DefaultSqlInjector.getMethodList(DefaultSqlInjector.java:56) ::: class com.lianchuangjie.lianchuangjie.entity.CurVat.CurrencyEntity ,Not found @TableId annotation, Cannot use Mybatis-Plus 'xxById' Method.
2022-10-29 16:30:15.653 WARN  85025 --- [main] com.baomidou.mybatisplus.core.injector.DefaultSqlInjector.getMethodList(DefaultSqlInjector.java:56) ::: class com.lianchuangjie.lianchuangjie.entity.ExchangeRateEntity ,Not found @TableId annotation, Cannot use Mybatis-Plus 'xxById' Method.
2022-10-29 16:30:15.662 WARN  85025 --- [main] com.baomidou.mybatisplus.core.injector.DefaultSqlInjector.getMethodList(DefaultSqlInjector.java:56) ::: class com.lianchuangjie.lianchuangjie.entity.PurchaseOrderMainEntity ,Not found @TableId annotation, Cannot use Mybatis-Plus 'xxById' Method.
2022-10-29 16:30:15.669 WARN  85025 --- [main] com.baomidou.mybatisplus.core.injector.DefaultSqlInjector.getMethodList(DefaultSqlInjector.java:56) ::: class com.lianchuangjie.lianchuangjie.entity.PurchaseOrderSubEntity ,Not found @TableId annotation, Cannot use Mybatis-Plus 'xxById' Method.
2022-10-29 16:30:15.681 WARN  85025 --- [main] com.baomidou.mybatisplus.core.injector.DefaultSqlInjector.getMethodList(DefaultSqlInjector.java:56) ::: class com.lianchuangjie.lianchuangjie.entity.QuotationEntity ,Not found @TableId annotation, Cannot use Mybatis-Plus 'xxById' Method.
2022-10-29 16:30:15.689 WARN  85025 --- [main] com.baomidou.mybatisplus.core.injector.DefaultSqlInjector.getMethodList(DefaultSqlInjector.java:56) ::: class com.lianchuangjie.lianchuangjie.entity.SalesOrderMainEntity ,Not found @TableId annotation, Cannot use Mybatis-Plus 'xxById' Method.
2022-10-29 16:30:15.695 WARN  85025 --- [main] com.baomidou.mybatisplus.core.injector.DefaultSqlInjector.getMethodList(DefaultSqlInjector.java:56) ::: class com.lianchuangjie.lianchuangjie.entity.SalesOrderSubEntity ,Not found @TableId annotation, Cannot use Mybatis-Plus 'xxById' Method.
2022-10-29 16:30:15.709 WARN  85025 --- [main] com.baomidou.mybatisplus.core.injector.DefaultSqlInjector.getMethodList(DefaultSqlInjector.java:56) ::: class com.lianchuangjie.lianchuangjie.entity.StockBatchEntity ,Not found @TableId annotation, Cannot use Mybatis-Plus 'xxById' Method.
2022-10-29 16:30:15.714 WARN  85025 --- [main] com.baomidou.mybatisplus.core.injector.DefaultSqlInjector.getMethodList(DefaultSqlInjector.java:56) ::: class com.lianchuangjie.lianchuangjie.entity.StockListMainEntity ,Not found @TableId annotation, Cannot use Mybatis-Plus 'xxById' Method.
2022-10-29 16:30:15.720 WARN  85025 --- [main] com.baomidou.mybatisplus.core.injector.DefaultSqlInjector.getMethodList(DefaultSqlInjector.java:56) ::: class com.lianchuangjie.lianchuangjie.entity.StockListSubEntity ,Not found @TableId annotation, Cannot use Mybatis-Plus 'xxById' Method.
2022-10-29 16:30:15.733 WARN  85025 --- [main] com.baomidou.mybatisplus.core.injector.DefaultSqlInjector.getMethodList(DefaultSqlInjector.java:56) ::: class com.lianchuangjie.lianchuangjie.entity.StockPrice.StockPriceEntity ,Not found @TableId annotation, Cannot use Mybatis-Plus 'xxById' Method.
2022-10-29 16:30:15.740 WARN  85025 --- [main] com.baomidou.mybatisplus.core.injector.DefaultSqlInjector.getMethodList(DefaultSqlInjector.java:56) ::: class com.lianchuangjie.lianchuangjie.entity.StockQuantityEntity ,Not found @TableId annotation, Cannot use Mybatis-Plus 'xxById' Method.
2022-10-29 16:30:15.755 WARN  85025 --- [main] com.baomidou.mybatisplus.core.injector.DefaultSqlInjector.getMethodList(DefaultSqlInjector.java:56) ::: class com.lianchuangjie.lianchuangjie.entity.EnquirySubEntity ,Not found @TableId annotation, Cannot use Mybatis-Plus 'xxById' Method.
2022-10-29 16:30:15.762 WARN  85025 --- [main] com.baomidou.mybatisplus.core.injector.DefaultSqlInjector.getMethodList(DefaultSqlInjector.java:56) ::: class com.lianchuangjie.lianchuangjie.entity.EnquirySubEntity ,Not found @TableId annotation, Cannot use Mybatis-Plus 'xxById' Method.
2022-10-29 16:30:15.769 WARN  85025 --- [main] com.baomidou.mybatisplus.core.injector.DefaultSqlInjector.getMethodList(DefaultSqlInjector.java:56) ::: class com.lianchuangjie.lianchuangjie.entity.PurchaseOrderSubEntity ,Not found @TableId annotation, Cannot use Mybatis-Plus 'xxById' Method.
2022-10-29 16:30:15.776 WARN  85025 --- [main] com.baomidou.mybatisplus.core.injector.DefaultSqlInjector.getMethodList(DefaultSqlInjector.java:56) ::: class com.lianchuangjie.lianchuangjie.entity.QuotationEntity ,Not found @TableId annotation, Cannot use Mybatis-Plus 'xxById' Method.
2022-10-29 16:30:15.783 WARN  85025 --- [main] com.baomidou.mybatisplus.core.injector.DefaultSqlInjector.getMethodList(DefaultSqlInjector.java:56) ::: class com.lianchuangjie.lianchuangjie.entity.SalesOrderSubEntity ,Not found @TableId annotation, Cannot use Mybatis-Plus 'xxById' Method.
2022-10-29 16:30:15.794 WARN  85025 --- [main] com.baomidou.mybatisplus.core.injector.DefaultSqlInjector.getMethodList(DefaultSqlInjector.java:56) ::: class com.lianchuangjie.lianchuangjie.entity.StockQuantityEntity ,Not found @TableId annotation, Cannot use Mybatis-Plus 'xxById' Method.
