2022-10-29 20:24:00.020 WARN  106018 --- [main] com.baomidou.mybatisplus.core.injector.DefaultSqlInjector.getMethodList(DefaultSqlInjector.java:56) ::: class com.lianchuangjie.lianchuangjie.entity.EnquiryBuyerEntity ,Not found @TableId annotation, Cannot use Mybatis-Plus 'xxById' Method.
2022-10-29 20:24:00.253 WARN  106018 --- [main] org.springframework.boot.autoconfigure.security.servlet.UserDetailsServiceAutoConfiguration.getOrDeducePassword(UserDetailsServiceAutoConfiguration.java:88) ::: 

Using generated security password: 496da6c5-911c-4475-9715-2ce6591ace7f

This generated password is for development use only. Your security configuration must be updated before running your application in production.

2022-10-29 20:24:00.300 INFO  106018 --- [main] org.springframework.security.web.DefaultSecurityFilterChain.<init>(DefaultSecurityFilterChain.java:55) ::: Will secure any request with [org.springframework.security.web.session.DisableEncodeUrlFilter@199806aa, org.springframework.security.web.context.request.async.WebAsyncManagerIntegrationFilter@300aa927, org.springframework.security.web.context.SecurityContextPersistenceFilter@ace2408, org.springframework.security.web.header.HeaderWriterFilter@117fb9ba, org.springframework.security.web.authentication.logout.LogoutFilter@23708f14, org.springframework.security.web.savedrequest.RequestCacheAwareFilter@5c1dd18, org.springframework.security.web.servletapi.SecurityContextHolderAwareRequestFilter@2a6dbb7c, org.springframework.security.web.authentication.AnonymousAuthenticationFilter@fa11fda, org.springframework.security.web.session.SessionManagementFilter@bb6869a, org.springframework.security.web.access.ExceptionTranslationFilter@1d9bd1d6, org.springframework.security.web.access.intercept.FilterSecurityInterceptor@1f4dd016]
2022-10-29 20:24:00.535 INFO  106018 --- [main] org.apache.juli.logging.DirectJDKLog.log(DirectJDKLog.java:173) ::: Starting ProtocolHandler ["http-nio-8080"]
2022-10-29 20:24:00.537 WARN  106018 --- [main] org.springframework.context.support.AbstractApplicationContext.refresh(AbstractApplicationContext.java:591) ::: Exception encountered during context initialization - cancelling refresh attempt: org.springframework.context.ApplicationContextException: Failed to start bean 'webServerStartStop'; nested exception is org.springframework.boot.web.server.WebServerException: Unable to start embedded Tomcat server
2022-10-29 20:24:00.546 INFO  106018 --- [main] org.apache.juli.logging.DirectJDKLog.log(DirectJDKLog.java:173) ::: Pausing ProtocolHandler ["http-nio-8080"]
2022-10-29 20:24:00.546 INFO  106018 --- [main] org.apache.juli.logging.DirectJDKLog.log(DirectJDKLog.java:173) ::: Stopping service [Tomcat]
2022-10-29 20:24:00.549 INFO  106018 --- [main] org.apache.juli.logging.DirectJDKLog.log(DirectJDKLog.java:173) ::: Stopping ProtocolHandler ["http-nio-8080"]
2022-10-29 20:24:00.549 INFO  106018 --- [main] org.apache.juli.logging.DirectJDKLog.log(DirectJDKLog.java:173) ::: Destroying ProtocolHandler ["http-nio-8080"]
2022-10-29 20:24:00.553 INFO  106018 --- [main] org.springframework.boot.autoconfigure.logging.ConditionEvaluationReportLoggingListener.logMessage(ConditionEvaluationReportLoggingListener.java:136) ::: 

Error starting ApplicationContext. To display the conditions report re-run your application with 'debug' enabled.
2022-10-29 20:24:00.560 ERROR 106018 --- [main] org.springframework.boot.SpringApplication.reportFailure(SpringApplication.java:824) ::: Application run failed
org.springframework.context.ApplicationContextException: Failed to start bean 'webServerStartStop'; nested exception is org.springframework.boot.web.server.WebServerException: Unable to start embedded Tomcat server
	at org.springframework.context.support.DefaultLifecycleProcessor.doStart(DefaultLifecycleProcessor.java:181) ~[spring-context-5.3.22.jar:5.3.22]
	at org.springframework.context.support.DefaultLifecycleProcessor.access$200(DefaultLifecycleProcessor.java:54) ~[spring-context-5.3.22.jar:5.3.22]
	at org.springframework.context.support.DefaultLifecycleProcessor$LifecycleGroup.start(DefaultLifecycleProcessor.java:356) ~[spring-context-5.3.22.jar:5.3.22]
	at java.lang.Iterable.forEach(Iterable.java:75) ~[?:?]
	at org.springframework.context.support.DefaultLifecycleProcessor.startBeans(DefaultLifecycleProcessor.java:155) ~[spring-context-5.3.22.jar:5.3.22]
	at org.springframework.context.support.DefaultLifecycleProcessor.onRefresh(DefaultLifecycleProcessor.java:123) ~[spring-context-5.3.22.jar:5.3.22]
	at org.springframework.context.support.AbstractApplicationContext.finishRefresh(AbstractApplicationContext.java:935) ~[spring-context-5.3.22.jar:5.3.22]
	at org.springframework.context.support.AbstractApplicationContext.refresh(AbstractApplicationContext.java:586) ~[spring-context-5.3.22.jar:5.3.22]
	at org.springframework.boot.web.servlet.context.ServletWebServerApplicationContext.refresh(ServletWebServerApplicationContext.java:147) ~[spring-boot-2.7.2.jar:2.7.2]
	at org.springframework.boot.SpringApplication.refresh(SpringApplication.java:734) ~[spring-boot-2.7.2.jar:2.7.2]
	at org.springframework.boot.SpringApplication.refreshContext(SpringApplication.java:408) ~[spring-boot-2.7.2.jar:2.7.2]
	at org.springframework.boot.SpringApplication.run(SpringApplication.java:308) ~[spring-boot-2.7.2.jar:2.7.2]
	at org.springframework.boot.SpringApplication.run(SpringApplication.java:1306) ~[spring-boot-2.7.2.jar:2.7.2]
	at org.springframework.boot.SpringApplication.run(SpringApplication.java:1295) ~[spring-boot-2.7.2.jar:2.7.2]
	at com.lianchuangjie.lianchuangjie.LianChuangjieApplication.main(LianChuangjieApplication.java:12) ~[classes/:?]
Caused by: org.springframework.boot.web.server.WebServerException: Unable to start embedded Tomcat server
	at org.springframework.boot.web.embedded.tomcat.TomcatWebServer.start(TomcatWebServer.java:229) ~[spring-boot-2.7.2.jar:2.7.2]
	at org.springframework.boot.web.servlet.context.WebServerStartStopLifecycle.start(WebServerStartStopLifecycle.java:43) ~[spring-boot-2.7.2.jar:2.7.2]
	at org.springframework.context.support.DefaultLifecycleProcessor.doStart(DefaultLifecycleProcessor.java:178) ~[spring-context-5.3.22.jar:5.3.22]
	... 14 more
Caused by: java.lang.IllegalArgumentException: standardService.connector.startFailed
	at org.apache.catalina.core.StandardService.addConnector(StandardService.java:238) ~[tomcat-embed-core-9.0.65.jar:9.0.65]
	at org.springframework.boot.web.embedded.tomcat.TomcatWebServer.addPreviouslyRemovedConnectors(TomcatWebServer.java:282) ~[spring-boot-2.7.2.jar:2.7.2]
	at org.springframework.boot.web.embedded.tomcat.TomcatWebServer.start(TomcatWebServer.java:213) ~[spring-boot-2.7.2.jar:2.7.2]
	at org.springframework.boot.web.servlet.context.WebServerStartStopLifecycle.start(WebServerStartStopLifecycle.java:43) ~[spring-boot-2.7.2.jar:2.7.2]
	at org.springframework.context.support.DefaultLifecycleProcessor.doStart(DefaultLifecycleProcessor.java:178) ~[spring-context-5.3.22.jar:5.3.22]
	... 14 more
Caused by: org.apache.catalina.LifecycleException: Protocol handler start failed
	at org.apache.catalina.connector.Connector.startInternal(Connector.java:1077) ~[tomcat-embed-core-9.0.65.jar:9.0.65]
	at org.apache.catalina.util.LifecycleBase.start(LifecycleBase.java:183) ~[tomcat-embed-core-9.0.65.jar:9.0.65]
	at org.apache.catalina.core.StandardService.addConnector(StandardService.java:234) ~[tomcat-embed-core-9.0.65.jar:9.0.65]
	at org.springframework.boot.web.embedded.tomcat.TomcatWebServer.addPreviouslyRemovedConnectors(TomcatWebServer.java:282) ~[spring-boot-2.7.2.jar:2.7.2]
	at org.springframework.boot.web.embedded.tomcat.TomcatWebServer.start(TomcatWebServer.java:213) ~[spring-boot-2.7.2.jar:2.7.2]
	at org.springframework.boot.web.servlet.context.WebServerStartStopLifecycle.start(WebServerStartStopLifecycle.java:43) ~[spring-boot-2.7.2.jar:2.7.2]
	at org.springframework.context.support.DefaultLifecycleProcessor.doStart(DefaultLifecycleProcessor.java:178) ~[spring-context-5.3.22.jar:5.3.22]
	... 14 more
Caused by: java.net.BindException: 地址已在使用
	at sun.nio.ch.Net.bind0(Native Method) ~[?:?]
	at sun.nio.ch.Net.bind(Net.java:555) ~[?:?]
	at sun.nio.ch.ServerSocketChannelImpl.netBind(ServerSocketChannelImpl.java:344) ~[?:?]
	at sun.nio.ch.ServerSocketChannelImpl.bind(ServerSocketChannelImpl.java:301) ~[?:?]
	at org.apache.tomcat.util.net.NioEndpoint.initServerSocket(NioEndpoint.java:275) ~[tomcat-embed-core-9.0.65.jar:9.0.65]
	at org.apache.tomcat.util.net.NioEndpoint.bind(NioEndpoint.java:230) ~[tomcat-embed-core-9.0.65.jar:9.0.65]
	at org.apache.tomcat.util.net.AbstractEndpoint.bindWithCleanup(AbstractEndpoint.java:1227) ~[tomcat-embed-core-9.0.65.jar:9.0.65]
	at org.apache.tomcat.util.net.AbstractEndpoint.start(AbstractEndpoint.java:1313) ~[tomcat-embed-core-9.0.65.jar:9.0.65]
	at org.apache.coyote.AbstractProtocol.start(AbstractProtocol.java:614) ~[tomcat-embed-core-9.0.65.jar:9.0.65]
	at org.apache.catalina.connector.Connector.startInternal(Connector.java:1074) ~[tomcat-embed-core-9.0.65.jar:9.0.65]
	at org.apache.catalina.util.LifecycleBase.start(LifecycleBase.java:183) ~[tomcat-embed-core-9.0.65.jar:9.0.65]
	at org.apache.catalina.core.StandardService.addConnector(StandardService.java:234) ~[tomcat-embed-core-9.0.65.jar:9.0.65]
	at org.springframework.boot.web.embedded.tomcat.TomcatWebServer.addPreviouslyRemovedConnectors(TomcatWebServer.java:282) ~[spring-boot-2.7.2.jar:2.7.2]
	at org.springframework.boot.web.embedded.tomcat.TomcatWebServer.start(TomcatWebServer.java:213) ~[spring-boot-2.7.2.jar:2.7.2]
	at org.springframework.boot.web.servlet.context.WebServerStartStopLifecycle.start(WebServerStartStopLifecycle.java:43) ~[spring-boot-2.7.2.jar:2.7.2]
	at org.springframework.context.support.DefaultLifecycleProcessor.doStart(DefaultLifecycleProcessor.java:178) ~[spring-context-5.3.22.jar:5.3.22]
	... 14 more
